<?xml version="1.0" encoding="UTF-8"?>
<testsuite xmlns:xsi="http://www.w3.org/2001/XMLSchema-instance" xsi:noNamespaceSchemaLocation="https://maven.apache.org/surefire/maven-surefire-plugin/xsd/surefire-test-report.xsd" name="demo.DemoClassTest" time="0.128" tests="4" errors="0" skipped="0" failures="0">
  <properties>
[...]
</properties>
  <testcase name="testZero" classname="demo.DemoClassTest" time="0.025"/>
  <testcase name="test3" classname="demo.DemoClassTest" time="0"/>
  <testcase name="test5" classname="demo.DemoClassTest" time="0.011"/>
  <testcase name="testNumber" classname="demo.DemoClassTest" time="0.004"/>
</testsuite>